{
  "stats": {
    "suites": 1,
    "tests": 4,
    "passes": 4,
    "pending": 0,
    "failures": 0,
    "start": "2022-12-13T18:54:59.291Z",
    "end": "2022-12-13T18:58:24.318Z",
    "duration": 205027,
    "testsRegistered": 4,
    "passPercent": 100,
    "pendingPercent": 0,
    "other": 0,
    "hasOther": false,
    "skipped": 0,
    "hasSkipped": false
  },
  "results": [
    {
      "uuid": "9b1b8eb1-d972-4364-922f-09f139243108",
      "title": "",
      "fullFile": "cypress/e2e/admin-service/mobile-e2ejourney-AdminServ.spec.js",
      "file": "cypress/e2e/admin-service/mobile-e2ejourney-AdminServ.spec.js",
      "beforeHooks": [],
      "afterHooks": [],
      "tests": [],
      "suites": [
        {
          "uuid": "90a12708-26a5-418f-b228-24fe5b9dc1fc",
          "title": "| mobile-e2ejourney-AdminServ.spec | Manage Service - Create and delete - confirm deletion",
          "fullFile": "",
          "file": "",
          "beforeHooks": [],
          "afterHooks": [],
          "tests": [
            {
              "title": "iphone-x Journey - delete - confirm deletion",
              "fullTitle": "| mobile-e2ejourney-AdminServ.spec | Manage Service - Create and delete - confirm deletion iphone-x Journey - delete - confirm deletion",
              "timedOut": null,
              "duration": 80012,
              "state": "passed",
              "speed": "slow",
              "pass": true,
              "fail": false,
              "pending": false,
              "context": null,
              "code": "cy.viewport(`${device[i]}`);\ncy.visit('/');\ncy.dfeBrandingAdminUi(); // start page \ncy.startPage();\ncy.dfeBrandingAdminUi(); //sign in page\ncy.signInPage();\ncy.dfeBrandingAdminUi(); // choose organisation\ncy.chooseOrganisation('Salford City Council');\ncy.dfeBrandingAdminUi();\nconst num = Date.now();\nconst n = num.toString(); // select add service\ncy.welcomePage('add', 'Salford City Council');\ncy.dfeBrandingAdminUi(); // give service name\ncy.addService('TestService' + n);\ncy.dfeBrandingAdminUi(); // select required service(s)\ncy.serviceType1({\n  health: '32712b43-e4f7-484f-97d7-beb3bb463133',\n  familysupport: '94f0ba86-d5fb-4fac-a1ee-f12ba4ef3012'\n});\ncy.serviceType2({\n  hearingandsight: '11696b1f-209a-47b1-9ef5-c588a14d43c6',\n  supportwithparenting: '005b3184-6ffb-414a-a1e3-6d5674dc0e63'\n}); //type of service\ncy.serviceDeliveryType({\n  online: '2',\n  telephone: '3'\n});\ncy.dfeBrandingAdminUi(); // who is it for ?\ncy.whoFor('No');\ncy.dfeBrandingAdminUi(); // what language \ncy.whatLanguage('English');\ncy.dfeBrandingAdminUi(); //pay for service\ncy.payForService('No');\ncy.dfeBrandingAdminUi(); //contact details\ncy.contactDetails({\n  Email: 'email'\n}, 'abc@email.com');\ncy.dfeBrandingAdminUi(); //more details\ncy.moreDetails('Test details');\ncy.dfeBrandingAdminUi(); // check details\ncy.checkDetails('TestService' + n, 'Hearing and sight');\ncy.dfeBrandingAdminUi(); // service added \ncy.serviceAdded();\ncy.dfeBrandingAdminUi(); // validate added service is present in list\ncy.ViewServices('TestService' + n);\ncy.dfeBrandingAdminUi(); // manage service \n// cy.ViewServices('TestService' + n)\ncy.editService('testservice' + n);\ncy.dfeBrandingAdminUi(); // save without making any changes\ncy.saveDetails();\ncy.dfeBrandingAdminUi(); // validate added service is present in list\ncy.ViewServices('TestService' + n);\ncy.dfeBrandingAdminUi(); // manage service \n// cy.ViewServices('TestService' + n)\ncy.deleteService('testservice' + n);\ncy.dfeBrandingAdminUi(); // confirm deletion \ncy.deleteConfirm('Yes');\ncy.dfeBrandingAdminUi();",
              "err": {},
              "uuid": "e3f2e5f4-b1a8-4f39-8aac-0bfe068f16dc",
              "parentUUID": "90a12708-26a5-418f-b228-24fe5b9dc1fc",
              "isHook": false,
              "skipped": false
            },
            {
              "title": "ipad-mini Journey - delete - confirm deletion",
              "fullTitle": "| mobile-e2ejourney-AdminServ.spec | Manage Service - Create and delete - confirm deletion ipad-mini Journey - delete - confirm deletion",
              "timedOut": null,
              "duration": 47654,
              "state": "passed",
              "speed": "slow",
              "pass": true,
              "fail": false,
              "pending": false,
              "context": null,
              "code": "cy.viewport(`${device[i]}`);\ncy.visit('/');\ncy.dfeBrandingAdminUi(); // start page \ncy.startPage();\ncy.dfeBrandingAdminUi(); //sign in page\ncy.signInPage();\ncy.dfeBrandingAdminUi(); // choose organisation\ncy.chooseOrganisation('Salford City Council');\ncy.dfeBrandingAdminUi();\nconst num = Date.now();\nconst n = num.toString(); // select add service\ncy.welcomePage('add', 'Salford City Council');\ncy.dfeBrandingAdminUi(); // give service name\ncy.addService('TestService' + n);\ncy.dfeBrandingAdminUi(); // select required service(s)\ncy.serviceType1({\n  health: '32712b43-e4f7-484f-97d7-beb3bb463133',\n  familysupport: '94f0ba86-d5fb-4fac-a1ee-f12ba4ef3012'\n});\ncy.serviceType2({\n  hearingandsight: '11696b1f-209a-47b1-9ef5-c588a14d43c6',\n  supportwithparenting: '005b3184-6ffb-414a-a1e3-6d5674dc0e63'\n}); //type of service\ncy.serviceDeliveryType({\n  online: '2',\n  telephone: '3'\n});\ncy.dfeBrandingAdminUi(); // who is it for ?\ncy.whoFor('No');\ncy.dfeBrandingAdminUi(); // what language \ncy.whatLanguage('English');\ncy.dfeBrandingAdminUi(); //pay for service\ncy.payForService('No');\ncy.dfeBrandingAdminUi(); //contact details\ncy.contactDetails({\n  Email: 'email'\n}, 'abc@email.com');\ncy.dfeBrandingAdminUi(); //more details\ncy.moreDetails('Test details');\ncy.dfeBrandingAdminUi(); // check details\ncy.checkDetails('TestService' + n, 'Hearing and sight');\ncy.dfeBrandingAdminUi(); // service added \ncy.serviceAdded();\ncy.dfeBrandingAdminUi(); // validate added service is present in list\ncy.ViewServices('TestService' + n);\ncy.dfeBrandingAdminUi(); // manage service \n// cy.ViewServices('TestService' + n)\ncy.editService('testservice' + n);\ncy.dfeBrandingAdminUi(); // save without making any changes\ncy.saveDetails();\ncy.dfeBrandingAdminUi(); // validate added service is present in list\ncy.ViewServices('TestService' + n);\ncy.dfeBrandingAdminUi(); // manage service \n// cy.ViewServices('TestService' + n)\ncy.deleteService('testservice' + n);\ncy.dfeBrandingAdminUi(); // confirm deletion \ncy.deleteConfirm('Yes');\ncy.dfeBrandingAdminUi();",
              "err": {},
              "uuid": "12164c1d-2f44-4b0d-af74-718595ce5d18",
              "parentUUID": "90a12708-26a5-418f-b228-24fe5b9dc1fc",
              "isHook": false,
              "skipped": false
            },
            {
              "title": "samsung-s10 Journey - delete - confirm deletion",
              "fullTitle": "| mobile-e2ejourney-AdminServ.spec | Manage Service - Create and delete - confirm deletion samsung-s10 Journey - delete - confirm deletion",
              "timedOut": null,
              "duration": 41654,
              "state": "passed",
              "speed": "slow",
              "pass": true,
              "fail": false,
              "pending": false,
              "context": null,
              "code": "cy.viewport(`${device[i]}`);\ncy.visit('/');\ncy.dfeBrandingAdminUi(); // start page \ncy.startPage();\ncy.dfeBrandingAdminUi(); //sign in page\ncy.signInPage();\ncy.dfeBrandingAdminUi(); // choose organisation\ncy.chooseOrganisation('Salford City Council');\ncy.dfeBrandingAdminUi();\nconst num = Date.now();\nconst n = num.toString(); // select add service\ncy.welcomePage('add', 'Salford City Council');\ncy.dfeBrandingAdminUi(); // give service name\ncy.addService('TestService' + n);\ncy.dfeBrandingAdminUi(); // select required service(s)\ncy.serviceType1({\n  health: '32712b43-e4f7-484f-97d7-beb3bb463133',\n  familysupport: '94f0ba86-d5fb-4fac-a1ee-f12ba4ef3012'\n});\ncy.serviceType2({\n  hearingandsight: '11696b1f-209a-47b1-9ef5-c588a14d43c6',\n  supportwithparenting: '005b3184-6ffb-414a-a1e3-6d5674dc0e63'\n}); //type of service\ncy.serviceDeliveryType({\n  online: '2',\n  telephone: '3'\n});\ncy.dfeBrandingAdminUi(); // who is it for ?\ncy.whoFor('No');\ncy.dfeBrandingAdminUi(); // what language \ncy.whatLanguage('English');\ncy.dfeBrandingAdminUi(); //pay for service\ncy.payForService('No');\ncy.dfeBrandingAdminUi(); //contact details\ncy.contactDetails({\n  Email: 'email'\n}, 'abc@email.com');\ncy.dfeBrandingAdminUi(); //more details\ncy.moreDetails('Test details');\ncy.dfeBrandingAdminUi(); // check details\ncy.checkDetails('TestService' + n, 'Hearing and sight');\ncy.dfeBrandingAdminUi(); // service added \ncy.serviceAdded();\ncy.dfeBrandingAdminUi(); // validate added service is present in list\ncy.ViewServices('TestService' + n);\ncy.dfeBrandingAdminUi(); // manage service \n// cy.ViewServices('TestService' + n)\ncy.editService('testservice' + n);\ncy.dfeBrandingAdminUi(); // save without making any changes\ncy.saveDetails();\ncy.dfeBrandingAdminUi(); // validate added service is present in list\ncy.ViewServices('TestService' + n);\ncy.dfeBrandingAdminUi(); // manage service \n// cy.ViewServices('TestService' + n)\ncy.deleteService('testservice' + n);\ncy.dfeBrandingAdminUi(); // confirm deletion \ncy.deleteConfirm('Yes');\ncy.dfeBrandingAdminUi();",
              "err": {},
              "uuid": "94a7b5a1-7145-4069-9ae9-c58a8f11d2f7",
              "parentUUID": "90a12708-26a5-418f-b228-24fe5b9dc1fc",
              "isHook": false,
              "skipped": false
            },
            {
              "title": "samsung-note9 Journey - delete - confirm deletion",
              "fullTitle": "| mobile-e2ejourney-AdminServ.spec | Manage Service - Create and delete - confirm deletion samsung-note9 Journey - delete - confirm deletion",
              "timedOut": null,
              "duration": 33890,
              "state": "passed",
              "speed": "slow",
              "pass": true,
              "fail": false,
              "pending": false,
              "context": null,
              "code": "cy.viewport(`${device[i]}`);\ncy.visit('/');\ncy.dfeBrandingAdminUi(); // start page \ncy.startPage();\ncy.dfeBrandingAdminUi(); //sign in page\ncy.signInPage();\ncy.dfeBrandingAdminUi(); // choose organisation\ncy.chooseOrganisation('Salford City Council');\ncy.dfeBrandingAdminUi();\nconst num = Date.now();\nconst n = num.toString(); // select add service\ncy.welcomePage('add', 'Salford City Council');\ncy.dfeBrandingAdminUi(); // give service name\ncy.addService('TestService' + n);\ncy.dfeBrandingAdminUi(); // select required service(s)\ncy.serviceType1({\n  health: '32712b43-e4f7-484f-97d7-beb3bb463133',\n  familysupport: '94f0ba86-d5fb-4fac-a1ee-f12ba4ef3012'\n});\ncy.serviceType2({\n  hearingandsight: '11696b1f-209a-47b1-9ef5-c588a14d43c6',\n  supportwithparenting: '005b3184-6ffb-414a-a1e3-6d5674dc0e63'\n}); //type of service\ncy.serviceDeliveryType({\n  online: '2',\n  telephone: '3'\n});\ncy.dfeBrandingAdminUi(); // who is it for ?\ncy.whoFor('No');\ncy.dfeBrandingAdminUi(); // what language \ncy.whatLanguage('English');\ncy.dfeBrandingAdminUi(); //pay for service\ncy.payForService('No');\ncy.dfeBrandingAdminUi(); //contact details\ncy.contactDetails({\n  Email: 'email'\n}, 'abc@email.com');\ncy.dfeBrandingAdminUi(); //more details\ncy.moreDetails('Test details');\ncy.dfeBrandingAdminUi(); // check details\ncy.checkDetails('TestService' + n, 'Hearing and sight');\ncy.dfeBrandingAdminUi(); // service added \ncy.serviceAdded();\ncy.dfeBrandingAdminUi(); // validate added service is present in list\ncy.ViewServices('TestService' + n);\ncy.dfeBrandingAdminUi(); // manage service \n// cy.ViewServices('TestService' + n)\ncy.editService('testservice' + n);\ncy.dfeBrandingAdminUi(); // save without making any changes\ncy.saveDetails();\ncy.dfeBrandingAdminUi(); // validate added service is present in list\ncy.ViewServices('TestService' + n);\ncy.dfeBrandingAdminUi(); // manage service \n// cy.ViewServices('TestService' + n)\ncy.deleteService('testservice' + n);\ncy.dfeBrandingAdminUi(); // confirm deletion \ncy.deleteConfirm('Yes');\ncy.dfeBrandingAdminUi();",
              "err": {},
              "uuid": "9c141cc0-5854-4b5a-abb2-064963d6d119",
              "parentUUID": "90a12708-26a5-418f-b228-24fe5b9dc1fc",
              "isHook": false,
              "skipped": false
            }
          ],
          "suites": [],
          "passes": [
            "e3f2e5f4-b1a8-4f39-8aac-0bfe068f16dc",
            "12164c1d-2f44-4b0d-af74-718595ce5d18",
            "94a7b5a1-7145-4069-9ae9-c58a8f11d2f7",
            "9c141cc0-5854-4b5a-abb2-064963d6d119"
          ],
          "failures": [],
          "pending": [],
          "skipped": [],
          "duration": 203210,
          "root": false,
          "rootEmpty": false,
          "_timeout": 2000
        }
      ],
      "passes": [],
      "failures": [],
      "pending": [],
      "skipped": [],
      "duration": 0,
      "root": true,
      "rootEmpty": true,
      "_timeout": 2000
    }
  ],
  "meta": {
    "mocha": {
      "version": "7.0.1"
    },
    "mochawesome": {
      "options": {
        "quiet": false,
        "reportFilename": "mochawesome",
        "saveHtml": false,
        "saveJson": true,
        "consoleReporter": "spec",
        "useInlineDiffs": false,
        "code": true
      },
      "version": "7.1.3"
    },
    "marge": {
      "options": {
        "overwrite": false,
        "html": false,
        "json": true,
        "reportDir": "cypress/reports/html/.jsons"
      },
      "version": "6.2.0"
    }
  }
}